<?xml version="1.0" encoding="UTF-8"?>
<testsuite xmlns:xsi="http://www.w3.org/2001/XMLSchema-instance" xsi:noNamespaceSchemaLocation="https://maven.apache.org/surefire/maven-surefire-plugin/xsd/surefire-test-report-3.0.xsd" version="3.0" name="com.demo.controller.CurrencyControllerTest" time="5.547" tests="1" errors="0" skipped="0" failures="0">
  <properties>
[...]
</properties>
  <testcase name="testGetAllCurrencies" classname="com.demo.controller.CurrencyControllerTest" time="0.177">
    <system-out><![CDATA[10:37:18.420 [main] DEBUG org.springframework.test.context.BootstrapUtils - Instantiating CacheAwareContextLoaderDelegate from class [org.springframework.test.context.cache.DefaultCacheAwareContextLoaderDelegate]
10:37:18.425 [main] DEBUG org.springframework.test.context.BootstrapUtils - Instantiating BootstrapContext using constructor [public org.springframework.test.context.support.DefaultBootstrapContext(java.lang.Class,org.springframework.test.context.CacheAwareContextLoaderDelegate)]
10:37:18.461 [main] DEBUG org.springframework.test.context.BootstrapUtils - Instantiating TestContextBootstrapper for test class [com.demo.controller.CurrencyControllerTest] from class [org.springframework.boot.test.context.SpringBootTestContextBootstrapper]
10:37:18.477 [main] INFO org.springframework.boot.test.context.SpringBootTestContextBootstrapper - Neither @ContextConfiguration nor @ContextHierarchy found for test class [com.demo.controller.CurrencyControllerTest], using SpringBootContextLoader
10:37:18.479 [main] DEBUG org.springframework.test.context.support.AbstractContextLoader - Did not detect default resource location for test class [com.demo.controller.CurrencyControllerTest]: class path resource [com/demo/controller/CurrencyControllerTest-context.xml] does not exist
10:37:18.480 [main] DEBUG org.springframework.test.context.support.AbstractContextLoader - Did not detect default resource location for test class [com.demo.controller.CurrencyControllerTest]: class path resource [com/demo/controller/CurrencyControllerTestContext.groovy] does not exist
10:37:18.480 [main] INFO org.springframework.test.context.support.AbstractContextLoader - Could not detect default resource locations for test class [com.demo.controller.CurrencyControllerTest]: no resource found for suffixes {-context.xml, Context.groovy}.
10:37:18.480 [main] INFO org.springframework.test.context.support.AnnotationConfigContextLoaderUtils - Could not detect default configuration classes for test class [com.demo.controller.CurrencyControllerTest]: CurrencyControllerTest does not declare any static, non-private, non-final, nested classes annotated with @Configuration.
10:37:18.527 [main] DEBUG org.springframework.test.context.support.ActiveProfilesUtils - Could not find an 'annotation declaring class' for annotation type [org.springframework.test.context.ActiveProfiles] and class [com.demo.controller.CurrencyControllerTest]
10:37:18.622 [main] DEBUG org.springframework.context.annotation.ClassPathScanningCandidateComponentProvider - Identified candidate component class: file [/Users/jojolee/eclipse-workspace/Demotest/target/classes/com/demo/DemotestApplication.class]
10:37:18.624 [main] INFO org.springframework.boot.test.context.SpringBootTestContextBootstrapper - Found @SpringBootConfiguration com.demo.DemotestApplication for test class com.demo.controller.CurrencyControllerTest
10:37:18.744 [main] DEBUG org.springframework.boot.test.context.SpringBootTestContextBootstrapper - @TestExecutionListeners is not present for class [com.demo.controller.CurrencyControllerTest]: using defaults.
10:37:18.745 [main] INFO org.springframework.boot.test.context.SpringBootTestContextBootstrapper - Loaded default TestExecutionListener class names from location [META-INF/spring.factories]: [org.springframework.boot.test.mock.mockito.MockitoTestExecutionListener, org.springframework.boot.test.mock.mockito.ResetMocksTestExecutionListener, org.springframework.boot.test.autoconfigure.restdocs.RestDocsTestExecutionListener, org.springframework.boot.test.autoconfigure.web.client.MockRestServiceServerResetTestExecutionListener, org.springframework.boot.test.autoconfigure.web.servlet.MockMvcPrintOnlyOnFailureTestExecutionListener, org.springframework.boot.test.autoconfigure.web.servlet.WebDriverTestExecutionListener, org.springframework.boot.test.autoconfigure.webservices.client.MockWebServiceServerTestExecutionListener, org.springframework.test.context.web.ServletTestExecutionListener, org.springframework.test.context.support.DirtiesContextBeforeModesTestExecutionListener, org.springframework.test.context.event.ApplicationEventsTestExecutionListener, org.springframework.test.context.support.DependencyInjectionTestExecutionListener, org.springframework.test.context.support.DirtiesContextTestExecutionListener, org.springframework.test.context.transaction.TransactionalTestExecutionListener, org.springframework.test.context.jdbc.SqlScriptsTestExecutionListener, org.springframework.test.context.event.EventPublishingTestExecutionListener]
10:37:18.757 [main] INFO org.springframework.boot.test.context.SpringBootTestContextBootstrapper - Using TestExecutionListeners: [org.springframework.test.context.web.ServletTestExecutionListener@29f7cefd, org.springframework.test.context.support.DirtiesContextBeforeModesTestExecutionListener@700fb871, org.springframework.test.context.event.ApplicationEventsTestExecutionListener@3b35a229, org.springframework.boot.test.mock.mockito.MockitoTestExecutionListener@9816741, org.springframework.boot.test.autoconfigure.SpringBootDependencyInjectionTestExecutionListener@1e16c0aa, org.springframework.test.context.support.DirtiesContextTestExecutionListener@13d73f29, org.springframework.test.context.transaction.TransactionalTestExecutionListener@565f390, org.springframework.test.context.jdbc.SqlScriptsTestExecutionListener@7dc3712, org.springframework.test.context.event.EventPublishingTestExecutionListener@2f67a4d3, org.springframework.boot.test.mock.mockito.ResetMocksTestExecutionListener@5e3f861, org.springframework.boot.test.autoconfigure.restdocs.RestDocsTestExecutionListener@2fb0623e, org.springframework.boot.test.autoconfigure.web.client.MockRestServiceServerResetTestExecutionListener@49b2a47d, org.springframework.boot.test.autoconfigure.web.servlet.MockMvcPrintOnlyOnFailureTestExecutionListener@5be1d0a4, org.springframework.boot.test.autoconfigure.web.servlet.WebDriverTestExecutionListener@415b0b49, org.springframework.boot.test.autoconfigure.webservices.client.MockWebServiceServerTestExecutionListener@6d5620ce]
10:37:18.760 [main] DEBUG org.springframework.test.context.support.AbstractDirtiesContextTestExecutionListener - Before test class: context [DefaultTestContext@3b6d844d testClass = CurrencyControllerTest, testInstance = [null], testMethod = [null], testException = [null], mergedContextConfiguration = [WebMergedContextConfiguration@36804139 testClass = CurrencyControllerTest, locations = '{}', classes = '{class com.demo.DemotestApplication}', contextInitializerClasses = '[]', activeProfiles = '{}', propertySourceLocations = '{}', propertySourceProperties = '{org.springframework.boot.test.context.SpringBootTestContextBootstrapper=true}', contextCustomizers = set[org.springframework.boot.test.context.filter.ExcludeFilterContextCustomizer@292b08d6, org.springframework.boot.test.json.DuplicateJsonObjectContextCustomizerFactory$DuplicateJsonObjectContextCustomizer@3c41ed1d, org.springframework.boot.test.mock.mockito.MockitoContextCustomizer@0, org.springframework.boot.test.web.client.TestRestTemplateContextCustomizer@139982de, org.springframework.boot.test.autoconfigure.actuate.metrics.MetricsExportContextCustomizerFactory$DisableMetricExportContextCustomizer@6743e411, org.springframework.boot.test.autoconfigure.properties.PropertyMappingContextCustomizer@0, org.springframework.boot.test.autoconfigure.web.servlet.WebDriverContextCustomizerFactory$Customizer@4b2bac3f, org.springframework.boot.test.context.SpringBootTestArgs@1, org.springframework.boot.test.context.SpringBootTestWebEnvironment@31610302], resourceBasePath = 'src/main/webapp', contextLoader = 'org.springframework.boot.test.context.SpringBootContextLoader', parent = [null]], attributes = map['org.springframework.test.context.web.ServletTestExecutionListener.activateListener' -> true]], class annotated with @DirtiesContext [false] with mode [null].
10:37:18.809 [main] INFO org.springframework.boot.devtools.restart.RestartApplicationListener - Restart disabled due to context in which it is running

  .   ____          _            __ _ _
 /\\ / ___'_ __ _ _(_)_ __  __ _ \ \ \ \
( ( )\___ | '_ | '_| | '_ \/ _` | \ \ \ \
 \\/  ___)| |_)| | | | | || (_| |  ) ) ) )
  '  |____| .__|_| |_|_| |_\__, | / / / /
 =========|_|==============|___/=/_/_/_/
 :: Spring Boot ::               (v2.7.18)

2024-08-05 10:37:19.128  INFO 2134 --- [           main] c.d.controller.CurrencyControllerTest    : Starting CurrencyControllerTest using Java 1.8.0_361 on jiujiulideMacBook-Air.local with PID 2134 (started by jojolee in /Users/jojolee/eclipse-workspace/Demotest)
2024-08-05 10:37:19.129  INFO 2134 --- [           main] c.d.controller.CurrencyControllerTest    : No active profile set, falling back to 1 default profile: "default"
2024-08-05 10:37:19.939  INFO 2134 --- [           main] .s.d.r.c.RepositoryConfigurationDelegate : Bootstrapping Spring Data JPA repositories in DEFAULT mode.
2024-08-05 10:37:20.001  INFO 2134 --- [           main] .s.d.r.c.RepositoryConfigurationDelegate : Finished Spring Data repository scanning in 57 ms. Found 1 JPA repository interfaces.
2024-08-05 10:37:20.769  INFO 2134 --- [           main] com.zaxxer.hikari.HikariDataSource       : HikariPool-1 - Starting...
2024-08-05 10:37:21.026  INFO 2134 --- [           main] com.zaxxer.hikari.HikariDataSource       : HikariPool-1 - Start completed.
2024-08-05 10:37:21.166  INFO 2134 --- [           main] o.hibernate.jpa.internal.util.LogHelper  : HHH000204: Processing PersistenceUnitInfo [name: default]
2024-08-05 10:37:21.199  INFO 2134 --- [           main] org.hibernate.Version                    : HHH000412: Hibernate ORM core version 5.6.15.Final
2024-08-05 10:37:21.316  INFO 2134 --- [           main] o.hibernate.annotations.common.Version   : HCANN000001: Hibernate Commons Annotations {5.1.2.Final}
2024-08-05 10:37:21.379  INFO 2134 --- [           main] org.hibernate.dialect.Dialect            : HHH000400: Using dialect: org.hibernate.dialect.H2Dialect
Hibernate: drop table if exists currency CASCADE 
Hibernate: create table currency (id bigint generated by default as identity, code varchar(255), name varchar(255), primary key (id))
2024-08-05 10:37:21.718  INFO 2134 --- [           main] o.h.e.t.j.p.i.JtaPlatformInitiator       : HHH000490: Using JtaPlatform implementation: [org.hibernate.engine.transaction.jta.platform.internal.NoJtaPlatform]
2024-08-05 10:37:21.723  INFO 2134 --- [           main] j.LocalContainerEntityManagerFactoryBean : Initialized JPA EntityManagerFactory for persistence unit 'default'
2024-08-05 10:37:22.579  WARN 2134 --- [           main] JpaBaseConfiguration$JpaWebConfiguration : spring.jpa.open-in-view is enabled by default. Therefore, database queries may be performed during view rendering. Explicitly configure spring.jpa.open-in-view to disable this warning
2024-08-05 10:37:22.974  INFO 2134 --- [           main] o.s.b.a.h2.H2ConsoleAutoConfiguration    : H2 console available at '/h2-console'. Database available at 'jdbc:h2:mem:testDb'
2024-08-05 10:37:23.406  INFO 2134 --- [           main] c.d.controller.CurrencyControllerTest    : Started CurrencyControllerTest in 4.602 seconds (JVM running for 5.742)
2024-08-05 10:37:23.771  INFO 2134 --- [           main] o.s.mock.web.MockServletContext          : Initializing Spring TestDispatcherServlet ''
2024-08-05 10:37:23.772  INFO 2134 --- [           main] o.s.t.web.servlet.TestDispatcherServlet  : Initializing Servlet ''
2024-08-05 10:37:23.772  INFO 2134 --- [           main] o.s.t.web.servlet.TestDispatcherServlet  : Completed initialization in 0 ms

MockHttpServletRequest:
      HTTP Method = GET
      Request URI = /api/all
       Parameters = {}
          Headers = [Content-Type:"application/json"]
             Body = <no character encoding set>
    Session Attrs = {}

Handler:
             Type = com.demo.controller.CurrencyController
           Method = com.demo.controller.CurrencyController#getCoindesall()

Async:
    Async started = false
     Async result = null

Resolved Exception:
             Type = null

ModelAndView:
        View name = null
             View = null
            Model = null

FlashMap:
       Attributes = null

MockHttpServletResponse:
           Status = 200
    Error message = null
          Headers = [Content-Type:"application/json"]
     Content type = application/json
             Body = [{"id":1,"code":"NTD","name":"新台幣"},{"id":2,"code":"USD","name":"美金"}]
    Forwarded URL = null
   Redirected URL = null
          Cookies = []
呼叫testGetAllCurrencies
]]></system-out>
  </testcase>
</testsuite>